{
  "uid" : "1571dc383c512849",
  "name" : "test_assert_error",
  "fullName" : "testcases.test_testcasepage.TestTestcasePage#test_assert_error",
  "historyId" : "3b6475cbab42b2247ca85e4aa4434cc2",
  "time" : {
    "start" : 1629129876761,
    "stop" : 1629129890830,
    "duration" : 14069
  },
  "status" : "failed",
  "statusMessage" : "AssertionError: assert 1 == 2\n  +1\n  -2",
  "statusTrace" : "self = <testcases.test_testcasepage.TestTestcasePage testMethod=test_assert_error>\n\n    def test_assert_error(self):\n>       assert 1==2\nE       AssertionError: assert 1 == 2\nE         +1\nE         -2\n\ntestcases\\test_testcasepage.py:30: AssertionError",
  "flaky" : false,
  "newFailed" : false,
  "beforeStages" : [ {
    "name" : "unittest_setUpClass_fixture_TestTestcasePage",
    "time" : {
      "start" : 1629129723694,
      "stop" : 1629129723694,
      "duration" : 0
    },
    "status" : "passed",
    "steps" : [ ],
    "attachments" : [ ],
    "parameters" : [ ],
    "stepsCount" : 0,
    "hasContent" : false,
    "attachmentsCount" : 0,
    "shouldDisplayMessage" : false
  } ],
  "testStage" : {
    "status" : "failed",
    "statusMessage" : "AssertionError: assert 1 == 2\n  +1\n  -2",
    "statusTrace" : "self = <testcases.test_testcasepage.TestTestcasePage testMethod=test_assert_error>\n\n    def test_assert_error(self):\n>       assert 1==2\nE       AssertionError: assert 1 == 2\nE         +1\nE         -2\n\ntestcases\\test_testcasepage.py:30: AssertionError",
    "steps" : [ ],
    "attachments" : [ {
      "uid" : "89df25dd15d092e7",
      "name" : "log",
      "source" : "89df25dd15d092e7.txt",
      "type" : "text/plain",
      "size" : 168
    } ],
    "parameters" : [ ],
    "stepsCount" : 0,
    "hasContent" : true,
    "attachmentsCount" : 1,
    "shouldDisplayMessage" : true
  },
  "afterStages" : [ {
    "name" : "unittest_setUpClass_fixture_TestTestcasePage::0",
    "time" : {
      "start" : 1629129920533,
      "stop" : 1629129920533,
      "duration" : 0
    },
    "status" : "passed",
    "steps" : [ ],
    "attachments" : [ ],
    "parameters" : [ ],
    "stepsCount" : 0,
    "hasContent" : false,
    "attachmentsCount" : 0,
    "shouldDisplayMessage" : false
  } ],
  "labels" : [ {
    "name" : "parentSuite",
    "value" : "testcases"
  }, {
    "name" : "suite",
    "value" : "test_testcasepage"
  }, {
    "name" : "subSuite",
    "value" : "TestTestcasePage"
  }, {
    "name" : "host",
    "value" : "DESKTOP-RD6RIJS"
  }, {
    "name" : "thread",
    "value" : "8592-Thread-1"
  }, {
    "name" : "framework",
    "value" : "pytest"
  }, {
    "name" : "language",
    "value" : "cpython3"
  }, {
    "name" : "package",
    "value" : "testcases.test_testcasepage"
  }, {
    "name" : "resultFormat",
    "value" : "allure2"
  } ],
  "parameters" : [ ],
  "links" : [ ],
  "hidden" : false,
  "retry" : false,
  "extra" : {
    "severity" : "normal",
    "retries" : [ ],
    "categories" : [ {
      "name" : "Product defects",
      "matchedStatuses" : [ ],
      "flaky" : false
    } ],
    "tags" : [ ]
  },
  "source" : "1571dc383c512849.json",
  "parameterValues" : [ ]
}